<?xml version="1.0" encoding="UTF-8"?>
<!-- Generated by org.testng.reporters.JUnitReportReporter -->
<testsuite hostname="Swarna" failures="0" tests="1" name="TestScript.script" time="0.016" errors="0" timestamp="2021-09-05T19:32:36 IST" skipped="0">
  <testcase classname="TestScript.script" name="testngexamplee" time="0.016"/>
  <system-out/>
</testsuite> <!-- TestScript.script -->
